


                           SIMAN IV - License #9150435
                                   ETS DE GIJON                   

                         Summary for Replication 1 of 1
  
 Project:  PP                                   Run execution date :  26/ 7/2022
 Analyst:  GRUPO13                              Model revision date:  26/ 7/2022
  
 Replication ended at time      : 480.0
  
                                 TALLY VARIABLES
  
 Identifier              Average   Variation   Minimum    Maximum   Observations
 _______________________________________________________________________________
  
 TIEMPO_HHHHHH           177.05     .52868     5.1791     340.57         87    
  
                            DISCRETE-CHANGE VARIABLES
  
 Identifier              Average   Variation   Minimum    Maximum   Final Value 
 _______________________________________________________________________________
  
 COLA_MAQUINA_1          15.537     .44674     .00000     27.000     26.000    
 COLA_MAQUINA_2          31.169     .56183     .00000     61.000     58.000    
 COLA_MAQUINA_3          49.170     .63824     .00000     105.00     105.00    
 UTIL_VENTANILLA         1.0000     .00000     .00000     1.0000     1.0000    
 UTIL_ADMINISTRACION     1.0000     .00000     .00000     1.0000     1.0000    
 UTIL_AUDITORIA          .00000         --     .00000     .00000     .00000    
  
                                     COUNTERS
  
                     Identifier                Count   Limit
                     _________________________________________
  
                     SOL ADMINISTRATIVAS           0  Infinite
                     SOL MEDICAS                   0  Infinite
                     PED IEES                      0  Infinite
 Simulation run complete.
